<?xml version="1.0" encoding="UTF-8"?>
<!-- Generated by org.testng.reporters.JUnitReportReporter -->
<testsuite hostname="AILT-100247" failures="0" tests="1" name="PRFlowOperations.Dataprov" time="1.031" errors="0" timestamp="2023-11-03T11:32:20 IST" skipped="0">
  <testcase classname="PRFlowOperations.Dataprov" name="getdata" time="1.031"/>
</testsuite> <!-- PRFlowOperations.Dataprov -->
