<?xml version="1.0" encoding="UTF-8"?>
<!-- Generated by org.testng.reporters.JUnitReportReporter -->
<testsuite hostname="AILT-100247" failures="0" tests="1" name="PRFlowOperations.PRiniInitiation" time="55.733" errors="0" timestamp="2023-11-29T09:44:18 IST" skipped="0">
  <testcase classname="PRFlowOperations.PRiniInitiation" name="priniinitiate" time="55.733"/>
  <system-out/>
</testsuite> <!-- PRFlowOperations.PRiniInitiation -->
