<?xml version="1.0" encoding="UTF-8"?>
<!-- Generated by org.testng.reporters.JUnitReportReporter -->
<testsuite hostname="AILT-100247" failures="0" tests="1" name="PRFlowOperations.Datap" time="1.081" errors="0" timestamp="2023-11-01T14:10:39 IST" skipped="0">
  <testcase classname="PRFlowOperations.Datap" name="getdata" time="1.081"/>
</testsuite> <!-- PRFlowOperations.Datap -->
