<?xml version="1.0" encoding="UTF-8"?>
<!-- Generated by org.testng.reporters.JUnitReportReporter -->
<testsuite hostname="AILT-100247" failures="0" tests="1" name="PRFlowOperations.PRReview" time="44.812" errors="0" timestamp="2023-11-29T09:44:18 IST" skipped="0">
  <testcase classname="PRFlowOperations.PRReview" name="prreview" time="44.812"/>
  <system-out/>
</testsuite> <!-- PRFlowOperations.PRReview -->
