<?xml version="1.0" encoding="UTF-8"?>
<!-- Generated by org.testng.reporters.JUnitReportReporter -->
<testsuite hostname="AILT-100247" failures="0" tests="1" name="GRNFlowOperations.excelclass" time="1.114" errors="0" timestamp="2023-10-31T21:58:06 IST" skipped="0">
  <testcase classname="GRNFlowOperations.excelclass" name="getdata" time="1.114"/>
</testsuite> <!-- GRNFlowOperations.excelclass -->
