<?xml version="1.0" encoding="UTF-8"?>
<!-- Generated by org.testng.reporters.JUnitReportReporter -->
<testsuite hostname="AILT-100247" failures="0" tests="1" name="RFQFlowOperations.RFQInitiation" time="37.272" errors="0" timestamp="2023-11-29T09:49:46 IST" skipped="0">
  <testcase classname="RFQFlowOperations.RFQInitiation" name="RFQIniInitiate" time="37.272"/>
  <system-out/>
</testsuite> <!-- RFQFlowOperations.RFQInitiation -->
