<?xml version="1.0" encoding="UTF-8"?>
<!-- Generated by org.testng.reporters.JUnitReportReporter -->
<testsuite hostname="AILT-100247" failures="0" tests="1" name="PRFlowOperations.MtReqRejatReviewer" time="36.451" errors="0" timestamp="2023-11-28T09:52:07 IST" skipped="0">
  <testcase classname="PRFlowOperations.MtReqRejatReviewer" name="PrreviewerRej" time="36.451"/>
  <system-out/>
</testsuite> <!-- PRFlowOperations.MtReqRejatReviewer -->
