<?xml version="1.0" encoding="UTF-8"?>
<!-- Generated by org.testng.reporters.JUnitReportReporter -->
<testsuite hostname="AILT-100247" failures="0" tests="1" name="PRFlowOperations.MaterialReqo" time="57.665" errors="0" timestamp="2023-08-19T16:58:04 IST" skipped="0">
  <testcase classname="PRFlowOperations.MaterialReqo" name="Matreq" time="57.665"/>
</testsuite> <!-- PRFlowOperations.MaterialReqo -->
