<?xml version="1.0" encoding="UTF-8"?>
<!-- Generated by org.testng.reporters.JUnitReportReporter -->
<testsuite hostname="AILT-100247" failures="0" tests="1" name="PRFlowOperations.MtReqRejatIni" time="46.371" errors="0" timestamp="2023-11-28T12:04:22 IST" skipped="0">
  <testcase classname="PRFlowOperations.MtReqRejatIni" name="PRIniRej" time="46.371"/>
  <system-out/>
</testsuite> <!-- PRFlowOperations.MtReqRejatIni -->
