<?xml version="1.0" encoding="UTF-8"?>
<!-- Generated by org.testng.reporters.JUnitReportReporter -->
<testsuite hostname="AILT-100247" failures="0" tests="1" name="PRFlowOperations.PRRejatApprover" time="39.217" errors="0" timestamp="2023-11-28T10:36:19 IST" skipped="0">
  <testcase classname="PRFlowOperations.PRRejatApprover" name="prapproverRej" time="39.217"/>
  <system-out/>
</testsuite> <!-- PRFlowOperations.PRRejatApprover -->
