<?xml version="1.0" encoding="UTF-8"?>
<!-- Generated by org.testng.reporters.JUnitReportReporter -->
<testsuite hostname="AILT-100247" failures="0" tests="1" name="PRFlowOperations.PRRejatReviewer" time="35.659" errors="0" timestamp="2023-11-28T10:39:05 IST" skipped="0">
  <testcase classname="PRFlowOperations.PRRejatReviewer" name="PRReviewerRej" time="35.659"/>
  <system-out/>
</testsuite> <!-- PRFlowOperations.PRRejatReviewer -->
